<?xml version="1.0" encoding="UTF-8"?>
<!-- Generated by org.testng.reporters.JUnitReportReporter -->
<testsuite hostname="MouriceSeraphin" failures="0" tests="1" name="testpackage.TestNGDemo" time="0.007" errors="0" timestamp="2024-07-29T20:14:20 IST" skipped="0">
  <testcase classname="testpackage.TestNGDemo" name="test" time="0.007"/>
</testsuite> <!-- testpackage.TestNGDemo -->
