<?xml version="1.0" encoding="UTF-8"?>
<!-- Generated by org.testng.reporters.JUnitReportReporter -->
<testsuite hostname="MouriceSeraphin" failures="0" tests="1" name="testpackage.TC_01BestBuyNavigationTest" time="2.722" errors="0" timestamp="2024-09-01T20:33:21 IST" skipped="0">
  <testcase classname="testpackage.TC_01BestBuyNavigationTest" name="testNavigateToBestBuy" time="2.722"/>
</testsuite> <!-- testpackage.TC_01BestBuyNavigationTest -->
