<?xml version="1.0" encoding="UTF-8"?>
<!-- Generated by org.testng.reporters.JUnitReportReporter -->
<testsuite hostname="MouriceSeraphin" failures="0" tests="1" name="testpackage.SpiceJetFlightSearchOneWayTest" time="9.429" errors="0" timestamp="2024-09-03T22:11:09 IST" skipped="0">
  <testcase classname="testpackage.SpiceJetFlightSearchOneWayTest" name="testFlightSearch" time="9.429"/>
</testsuite> <!-- testpackage.SpiceJetFlightSearchOneWayTest -->
