<?xml version="1.0" encoding="UTF-8"?>
<!-- Generated by org.testng.reporters.JUnitReportReporter -->
<testsuite hostname="MouriceSeraphin" failures="0" tests="1" name="TestSpiceJet.NavigationTest" time="6.825" errors="0" timestamp="2024-09-05T23:01:57 IST" skipped="0">
  <testcase classname="TestSpiceJet.NavigationTest" name="verifyHomePageTitle" time="6.825"/>
</testsuite> <!-- TestSpiceJet.NavigationTest -->
