<?xml version="1.0" encoding="UTF-8"?>
<!-- Generated by org.testng.reporters.JUnitReportReporter -->
<testsuite hostname="MouriceSeraphin" failures="0" tests="1" name="bestbuy.BestBuyLinkValidationTest" time="14.377" errors="0" timestamp="2024-08-26T13:48:49 IST" skipped="0">
  <testcase classname="bestbuy.BestBuyLinkValidationTest" name="testValidLink" time="14.377"/>
</testsuite> <!-- bestbuy.BestBuyLinkValidationTest -->
