<?xml version="1.0" encoding="UTF-8"?>
<!-- Generated by org.testng.reporters.JUnitReportReporter -->
<testsuite hostname="MouriceSeraphin" failures="0" tests="1" name="testbestbuy.TC_02BestBuyLinkValidationTest" time="10.496" errors="0" timestamp="2024-09-01T09:50:29 IST" skipped="0">
  <testcase classname="testbestbuy.TC_02BestBuyLinkValidationTest" name="testValidLink" time="10.496"/>
</testsuite> <!-- testbestbuy.TC_02BestBuyLinkValidationTest -->
