<?xml version="1.0" encoding="UTF-8"?>
<!-- Generated by org.testng.reporters.JUnitReportReporter -->
<testsuite hostname="MouriceSeraphin" failures="0" tests="1" name="BestBuy.BestBuyNavigationTest" time="2.323" errors="0" timestamp="2024-08-26T13:45:16 IST" skipped="0">
  <testcase classname="BestBuy.BestBuyNavigationTest" name="testNavigateToBestBuy" time="2.323"/>
</testsuite> <!-- BestBuy.BestBuyNavigationTest -->
