<?xml version="1.0" encoding="UTF-8"?>
<!-- Generated by org.testng.reporters.JUnitReportReporter -->
<testsuite hostname="MouriceSeraphin" failures="0" tests="1" name="testbestbuy.TC_04BottomLinkTest" time="33.061" errors="0" timestamp="2024-08-31T20:38:35 IST" skipped="0">
  <testcase classname="testbestbuy.TC_04BottomLinkTest" name="testBottomLinksPresence" time="33.061"/>
</testsuite> <!-- testbestbuy.TC_04BottomLinkTest -->
