<?xml version="1.0" encoding="UTF-8"?>
<!-- Generated by org.testng.reporters.JUnitReportReporter -->
<testsuite hostname="MouriceSeraphin" failures="0" tests="1" name="testbestbuy.TC_09CheckoutPlaceOrderTest" time="73.424" errors="0" timestamp="2024-08-31T20:21:36 IST" skipped="0">
  <testcase classname="testbestbuy.TC_09CheckoutPlaceOrderTest" name="testCheckoutProcess" time="73.424"/>
</testsuite> <!-- testbestbuy.TC_09CheckoutPlaceOrderTest -->
