<?xml version="1.0" encoding="UTF-8"?>
<!-- Generated by org.testng.reporters.JUnitReportReporter -->
<testsuite hostname="MouriceSeraphin" failures="0" tests="1" name="testbestbuy.TC_01BestBuyNavigationTest" time="2.528" errors="0" timestamp="2024-09-01T09:48:43 IST" skipped="0">
  <testcase classname="testbestbuy.TC_01BestBuyNavigationTest" name="testNavigateToBestBuy" time="2.528"/>
</testsuite> <!-- testbestbuy.TC_01BestBuyNavigationTest -->
