<?xml version="1.0" encoding="UTF-8"?>
<!-- Generated by org.testng.reporters.JUnitReportReporter -->
<testsuite hostname="MouriceSeraphin" failures="0" tests="1" name="testpackage.TestNGDemo" time="0.003" errors="0" timestamp="2024-09-01T00:21:37 IST" skipped="0">
  <testcase classname="testpackage.TestNGDemo" name="test" time="0.003"/>
</testsuite> <!-- testpackage.TestNGDemo -->
